# JRE version: Java(TM) SE Runtime Environment (8.0_231-b11) (build 1.8.0_231-b11)
# Java VM: Java HotSpot(TM) 64-Bit Server VM (25.231-b11 mixed mode windows-amd64 compressed oops)
Heap:
 PSYoungGen      total 354304K, used 229887K [0x00000000d5f80000, 0x00000000ff200000, 0x0000000100000000)
  eden space 229888K, 99% used [0x00000000d5f80000,0x00000000e3fffff0,0x00000000e4000000)
  from space 124416K, 0% used [0x00000000e4000000,0x00000000e4000000,0x00000000eb980000)
  to   space 219136K, 0% used [0x00000000f1c00000,0x00000000f1c00000,0x00000000ff200000)
 ParOldGen       total 767488K, used 767437K [0x0000000081e00000, 0x00000000d5f80000, 0x00000000d5f80000)
  object space 767488K, 99% used [0x0000000081e00000,0x00000000b0b73728,0x00000000b0b80000)
 Metaspace       used 10080K, capacity 10468K, committed 10752K, reserved 1058816K
  class space    used 1087K, capacity 1224K, committed 1280K, reserved 1048576K
GC Heap History (10 events):
Event: 56.557 GC heap after
Heap after GC invocations=60 (full 33):
 PSYoungGen      total 354304K, used 229887K [0x00000000d5f80000, 0x00000000ff200000, 0x0000000100000000)
  eden space 229888K, 99% used [0x00000000d5f80000,0x00000000e3ffffd8,0x00000000e4000000)
  from space 124416K, 0% used [0x00000000e4000000,0x00000000e4000000,0x00000000eb980000)
  to   space 219136K, 0% used [0x00000000f1c00000,0x00000000f1c00000,0x00000000ff200000)
 ParOldGen       total 767488K, used 767437K [0x0000000081e00000, 0x00000000b0b80000, 0x00000000d5f80000)
  object space 767488K, 99% used [0x0000000081e00000,0x00000000b0b73488,0x00000000b0b80000)
 Metaspace       used 10080K, capacity 10468K, committed 10752K, reserved 1058816K
  class space    used 1087K, capacity 1224K, committed 1280K, reserved 1048576K
}
Event: 56.558 GC heap before
{Heap before GC invocations=61 (full 34):
 PSYoungGen      total 354304K, used 229887K [0x00000000d5f80000, 0x00000000ff200000, 0x0000000100000000)
  eden space 229888K, 99% used [0x00000000d5f80000,0x00000000e3fffff8,0x00000000e4000000)
  from space 124416K, 0% used [0x00000000e4000000,0x00000000e4000000,0x00000000eb980000)
  to   space 219136K, 0% used [0x00000000f1c00000,0x00000000f1c00000,0x00000000ff200000)
 ParOldGen       total 767488K, used 767437K [0x0000000081e00000, 0x00000000b0b80000, 0x00000000d5f80000)
  object space 767488K, 99% used [0x0000000081e00000,0x00000000b0b73488,0x00000000b0b80000)
 Metaspace       used 10080K, capacity 10468K, committed 10752K, reserved 1058816K
  class space    used 1087K, capacity 1224K, committed 1280K, reserved 1048576K
Event: 57.750 GC heap after
Heap after GC invocations=61 (full 34):
 PSYoungGen      total 354304K, used 229887K [0x00000000d5f80000, 0x00000000ff200000, 0x0000000100000000)
  eden space 229888K, 99% used [0x00000000d5f80000,0x00000000e3ffffe8,0x00000000e4000000)
  from space 124416K, 0% used [0x00000000e4000000,0x00000000e4000000,0x00000000eb980000)
  to   space 219136K, 0% used [0x00000000f1c00000,0x00000000f1c00000,0x00000000ff200000)
 ParOldGen       total 767488K, used 767437K [0x0000000081e00000, 0x00000000b0b80000, 0x00000000d5f80000)
  object space 767488K, 99% used [0x0000000081e00000,0x00000000b0b73488,0x00000000b0b80000)
 Metaspace       used 10080K, capacity 10468K, committed 10752K, reserved 1058816K
  class space    used 1087K, capacity 1224K, committed 1280K, reserved 1048576K
}
Event: 57.750 GC heap before
{Heap before GC invocations=62 (full 35):
 PSYoungGen      total 354304K, used 229888K [0x00000000d5f80000, 0x00000000ff200000, 0x0000000100000000)
  eden space 229888K, 100% used [0x00000000d5f80000,0x00000000e4000000,0x00000000e4000000)
  from space 124416K, 0% used [0x00000000e4000000,0x00000000e4000000,0x00000000eb980000)
  to   space 219136K, 0% used [0x00000000f1c00000,0x00000000f1c00000,0x00000000ff200000)
 ParOldGen       total 767488K, used 767437K [0x0000000081e00000, 0x00000000b0b80000, 0x00000000d5f80000)
  object space 767488K, 99% used [0x0000000081e00000,0x00000000b0b73488,0x00000000b0b80000)
 Metaspace       used 10080K, capacity 10468K, committed 10752K, reserved 1058816K
  class space    used 1087K, capacity 1224K, committed 1280K, reserved 1048576K
Event: 58.867 GC heap after
Heap after GC invocations=62 (full 35):
 PSYoungGen      total 354304K, used 229887K [0x00000000d5f80000, 0x00000000ff200000, 0x0000000100000000)
  eden space 229888K, 99% used [0x00000000d5f80000,0x00000000e3fffff0,0x00000000e4000000)
  from space 124416K, 0% used [0x00000000e4000000,0x00000000e4000000,0x00000000eb980000)
  to   space 219136K, 0% used [0x00000000f1c00000,0x00000000f1c00000,0x00000000ff200000)
 ParOldGen       total 767488K, used 767437K [0x0000000081e00000, 0x00000000b0b80000, 0x00000000d5f80000)
  object space 767488K, 99% used [0x0000000081e00000,0x00000000b0b73488,0x00000000b0b80000)
 Metaspace       used 10080K, capacity 10468K, committed 10752K, reserved 1058816K
  class space    used 1087K, capacity 1224K, committed 1280K, reserved 1048576K
}
Event: 58.867 GC heap before
{Heap before GC invocations=63 (full 36):
 PSYoungGen      total 354304K, used 229888K [0x00000000d5f80000, 0x00000000ff200000, 0x0000000100000000)
  eden space 229888K, 100% used [0x00000000d5f80000,0x00000000e4000000,0x00000000e4000000)
  from space 124416K, 0% used [0x00000000e4000000,0x00000000e4000000,0x00000000eb980000)
  to   space 219136K, 0% used [0x00000000f1c00000,0x00000000f1c00000,0x00000000ff200000)
 ParOldGen       total 767488K, used 767437K [0x0000000081e00000, 0x00000000b0b80000, 0x00000000d5f80000)
  object space 767488K, 99% used [0x0000000081e00000,0x00000000b0b73488,0x00000000b0b80000)
 Metaspace       used 10080K, capacity 10468K, committed 10752K, reserved 1058816K
  class space    used 1087K, capacity 1224K, committed 1280K, reserved 1048576K
Event: 60.007 GC heap after
Heap after GC invocations=63 (full 36):
 PSYoungGen      total 354304K, used 229887K [0x00000000d5f80000, 0x00000000ff200000, 0x0000000100000000)
  eden space 229888K, 99% used [0x00000000d5f80000,0x00000000e3fffff0,0x00000000e4000000)
  from space 124416K, 0% used [0x00000000e4000000,0x00000000e4000000,0x00000000eb980000)
  to   space 219136K, 0% used [0x00000000f1c00000,0x00000000f1c00000,0x00000000ff200000)
 ParOldGen       total 767488K, used 767437K [0x0000000081e00000, 0x00000000b0b80000, 0x00000000d5f80000)
  object space 767488K, 99% used [0x0000000081e00000,0x00000000b0b73488,0x00000000b0b80000)
 Metaspace       used 10080K, capacity 10468K, committed 10752K, reserved 1058816K
  class space    used 1087K, capacity 1224K, committed 1280K, reserved 1048576K
}
Event: 60.008 GC heap before
{Heap before GC invocations=64 (full 37):
 PSYoungGen      total 354304K, used 229888K [0x00000000d5f80000, 0x00000000ff200000, 0x0000000100000000)
  eden space 229888K, 100% used [0x00000000d5f80000,0x00000000e4000000,0x00000000e4000000)
  from space 124416K, 0% used [0x00000000e4000000,0x00000000e4000000,0x00000000eb980000)
  to   space 219136K, 0% used [0x00000000f1c00000,0x00000000f1c00000,0x00000000ff200000)
 ParOldGen       total 767488K, used 767437K [0x0000000081e00000, 0x00000000b0b80000, 0x00000000d5f80000)
  object space 767488K, 99% used [0x0000000081e00000,0x00000000b0b73488,0x00000000b0b80000)
 Metaspace       used 10080K, capacity 10468K, committed 10752K, reserved 1058816K
  class space    used 1087K, capacity 1224K, committed 1280K, reserved 1048576K
Event: 61.199 GC heap after
Heap after GC invocations=64 (full 37):
 PSYoungGen      total 354304K, used 229887K [0x00000000d5f80000, 0x00000000ff200000, 0x0000000100000000)
  eden space 229888K, 99% used [0x00000000d5f80000,0x00000000e3fffff0,0x00000000e4000000)
  from space 124416K, 0% used [0x00000000e4000000,0x00000000e4000000,0x00000000eb980000)
  to   space 219136K, 0% used [0x00000000f1c00000,0x00000000f1c00000,0x00000000ff200000)
 ParOldGen       total 767488K, used 767437K [0x0000000081e00000, 0x00000000b0b80000, 0x00000000d5f80000)
  object space 767488K, 99% used [0x0000000081e00000,0x00000000b0b73488,0x00000000b0b80000)
 Metaspace       used 10080K, capacity 10468K, committed 10752K, reserved 1058816K
  class space    used 1087K, capacity 1224K, committed 1280K, reserved 1048576K
}
Event: 61.199 GC heap before
{Heap before GC invocations=65 (full 38):
 PSYoungGen      total 354304K, used 229888K [0x00000000d5f80000, 0x00000000ff200000, 0x0000000100000000)
  eden space 229888K, 100% used [0x00000000d5f80000,0x00000000e4000000,0x00000000e4000000)
  from space 124416K, 0% used [0x00000000e4000000,0x00000000e4000000,0x00000000eb980000)
  to   space 219136K, 0% used [0x00000000f1c00000,0x00000000f1c00000,0x00000000ff200000)
 ParOldGen       total 767488K, used 767438K [0x0000000081e00000, 0x00000000b0b80000, 0x00000000d5f80000)
  object space 767488K, 99% used [0x0000000081e00000,0x00000000b0b73998,0x00000000b0b80000)
 Metaspace       used 10080K, capacity 10468K, committed 10752K, reserved 1058816K
  class space    used 1087K, capacity 1224K, committed 1280K, reserved 1048576K

