# JRE version: Java(TM) SE Runtime Environment (8.0_231-b11) (build 1.8.0_231-b11)
# Java VM: Java HotSpot(TM) 64-Bit Server VM (25.231-b11 mixed mode windows-amd64 compressed oops)
Heap:
 PSYoungGen      total 357888K, used 317309K [0x00000000d5f80000, 0x00000000f7b00000, 0x0000000100000000)
  eden space 164352K, 100% used [0x00000000d5f80000,0x00000000e0000000,0x00000000e0000000)
  from space 193536K, 79% used [0x00000000e0000000,0x00000000e955f728,0x00000000ebd00000)
  to   space 192512K, 46% used [0x00000000ebd00000,0x00000000f13c3340,0x00000000f7900000)
 ParOldGen       total 716288K, used 476842K [0x0000000081e00000, 0x00000000ad980000, 0x00000000d5f80000)
  object space 716288K, 66% used [0x0000000081e00000,0x000000009efaa860,0x00000000ad980000)
 Metaspace       used 8906K, capacity 9242K, committed 9344K, reserved 1056768K
  class space    used 976K, capacity 1101K, committed 1152K, reserved 1048576K
GC Heap History (10 events):
Event: 10.522 GC heap after
Heap after GC invocations=23 (full 4):
 PSYoungGen      total 326656K, used 44576K [0x00000000d5f80000, 0x00000000f7f00000, 0x0000000100000000)
  eden space 118272K, 0% used [0x00000000d5f80000,0x00000000d5f80000,0x00000000dd300000)
  from space 208384K, 21% used [0x00000000dd300000,0x00000000dfe88000,0x00000000e9e80000)
  to   space 208384K, 0% used [0x00000000eb380000,0x00000000eb380000,0x00000000f7f00000)
 ParOldGen       total 716288K, used 476834K [0x0000000081e00000, 0x00000000ad980000, 0x00000000d5f80000)
  object space 716288K, 66% used [0x0000000081e00000,0x000000009efa8860,0x00000000ad980000)
 Metaspace       used 8495K, capacity 8794K, committed 9088K, reserved 1056768K
  class space    used 932K, capacity 1037K, committed 1152K, reserved 1048576K
}
Event: 10.715 GC heap before
{Heap before GC invocations=24 (full 4):
 PSYoungGen      total 326656K, used 162848K [0x00000000d5f80000, 0x00000000f7f00000, 0x0000000100000000)
  eden space 118272K, 100% used [0x00000000d5f80000,0x00000000dd300000,0x00000000dd300000)
  from space 208384K, 21% used [0x00000000dd300000,0x00000000dfe88000,0x00000000e9e80000)
  to   space 208384K, 0% used [0x00000000eb380000,0x00000000eb380000,0x00000000f7f00000)
 ParOldGen       total 716288K, used 476834K [0x0000000081e00000, 0x00000000ad980000, 0x00000000d5f80000)
  object space 716288K, 66% used [0x0000000081e00000,0x000000009efa8860,0x00000000ad980000)
 Metaspace       used 8499K, capacity 8794K, committed 9088K, reserved 1056768K
  class space    used 932K, capacity 1037K, committed 1152K, reserved 1048576K
Event: 10.798 GC heap after
Heap after GC invocations=24 (full 4):
 PSYoungGen      total 334848K, used 70590K [0x00000000d5f80000, 0x00000000f7200000, 0x0000000100000000)
  eden space 139776K, 0% used [0x00000000d5f80000,0x00000000d5f80000,0x00000000de800000)
  from space 195072K, 36% used [0x00000000eb380000,0x00000000ef86f928,0x00000000f7200000)
  to   space 201728K, 0% used [0x00000000de800000,0x00000000de800000,0x00000000ead00000)
 ParOldGen       total 716288K, used 476834K [0x0000000081e00000, 0x00000000ad980000, 0x00000000d5f80000)
  object space 716288K, 66% used [0x0000000081e00000,0x000000009efa8860,0x00000000ad980000)
 Metaspace       used 8499K, capacity 8794K, committed 9088K, reserved 1056768K
  class space    used 932K, capacity 1037K, committed 1152K, reserved 1048576K
}
Event: 11.034 GC heap before
{Heap before GC invocations=25 (full 4):
 PSYoungGen      total 334848K, used 210366K [0x00000000d5f80000, 0x00000000f7200000, 0x0000000100000000)
  eden space 139776K, 100% used [0x00000000d5f80000,0x00000000de800000,0x00000000de800000)
  from space 195072K, 36% used [0x00000000eb380000,0x00000000ef86f928,0x00000000f7200000)
  to   space 201728K, 0% used [0x00000000de800000,0x00000000de800000,0x00000000ead00000)
 ParOldGen       total 716288K, used 476834K [0x0000000081e00000, 0x00000000ad980000, 0x00000000d5f80000)
  object space 716288K, 66% used [0x0000000081e00000,0x000000009efa8860,0x00000000ad980000)
 Metaspace       used 8499K, capacity 8794K, committed 9088K, reserved 1056768K
  class space    used 932K, capacity 1037K, committed 1152K, reserved 1048576K
Event: 11.152 GC heap after
Heap after GC invocations=25 (full 4):
 PSYoungGen      total 341504K, used 99006K [0x00000000d5f80000, 0x00000000f7900000, 0x0000000100000000)
  eden space 139776K, 0% used [0x00000000d5f80000,0x00000000d5f80000,0x00000000de800000)
  from space 201728K, 49% used [0x00000000de800000,0x00000000e48af938,0x00000000ead00000)
  to   space 192512K, 0% used [0x00000000ebd00000,0x00000000ebd00000,0x00000000f7900000)
 ParOldGen       total 716288K, used 476834K [0x0000000081e00000, 0x00000000ad980000, 0x00000000d5f80000)
  object space 716288K, 66% used [0x0000000081e00000,0x000000009efa8860,0x00000000ad980000)
 Metaspace       used 8499K, capacity 8794K, committed 9088K, reserved 1056768K
  class space    used 932K, capacity 1037K, committed 1152K, reserved 1048576K
}
Event: 11.435 GC heap before
{Heap before GC invocations=26 (full 4):
 PSYoungGen      total 341504K, used 238782K [0x00000000d5f80000, 0x00000000f7900000, 0x0000000100000000)
  eden space 139776K, 100% used [0x00000000d5f80000,0x00000000de800000,0x00000000de800000)
  from space 201728K, 49% used [0x00000000de800000,0x00000000e48af938,0x00000000ead00000)
  to   space 192512K, 0% used [0x00000000ebd00000,0x00000000ebd00000,0x00000000f7900000)
 ParOldGen       total 716288K, used 476834K [0x0000000081e00000, 0x00000000ad980000, 0x00000000d5f80000)
  object space 716288K, 66% used [0x0000000081e00000,0x000000009efa8860,0x00000000ad980000)
 Metaspace       used 8499K, capacity 8794K, committed 9088K, reserved 1056768K
  class space    used 932K, capacity 1037K, committed 1152K, reserved 1048576K
Event: 11.573 GC heap after
Heap after GC invocations=26 (full 4):
 PSYoungGen      total 356864K, used 124221K [0x00000000d5f80000, 0x00000000f7b00000, 0x0000000100000000)
  eden space 164352K, 0% used [0x00000000d5f80000,0x00000000d5f80000,0x00000000e0000000)
  from space 192512K, 64% used [0x00000000ebd00000,0x00000000f364f588,0x00000000f7900000)
  to   space 193536K, 0% used [0x00000000e0000000,0x00000000e0000000,0x00000000ebd00000)
 ParOldGen       total 716288K, used 476834K [0x0000000081e00000, 0x00000000ad980000, 0x00000000d5f80000)
  object space 716288K, 66% used [0x0000000081e00000,0x000000009efa8860,0x00000000ad980000)
 Metaspace       used 8499K, capacity 8794K, committed 9088K, reserved 1056768K
  class space    used 932K, capacity 1037K, committed 1152K, reserved 1048576K
}
Event: 12.006 GC heap before
{Heap before GC invocations=27 (full 4):
 PSYoungGen      total 356864K, used 288573K [0x00000000d5f80000, 0x00000000f7b00000, 0x0000000100000000)
  eden space 164352K, 100% used [0x00000000d5f80000,0x00000000e0000000,0x00000000e0000000)
  from space 192512K, 64% used [0x00000000ebd00000,0x00000000f364f588,0x00000000f7900000)
  to   space 193536K, 0% used [0x00000000e0000000,0x00000000e0000000,0x00000000ebd00000)
 ParOldGen       total 716288K, used 476834K [0x0000000081e00000, 0x00000000ad980000, 0x00000000d5f80000)
  object space 716288K, 66% used [0x0000000081e00000,0x000000009efa8860,0x00000000ad980000)
 Metaspace       used 8894K, capacity 9242K, committed 9344K, reserved 1056768K
  class space    used 974K, capacity 1101K, committed 1152K, reserved 1048576K
Event: 12.167 GC heap after
Heap after GC invocations=27 (full 4):
 PSYoungGen      total 357888K, used 152957K [0x00000000d5f80000, 0x00000000f7b00000, 0x0000000100000000)
  eden space 164352K, 0% used [0x00000000d5f80000,0x00000000d5f80000,0x00000000e0000000)
  from space 193536K, 79% used [0x00000000e0000000,0x00000000e955f728,0x00000000ebd00000)
  to   space 192512K, 0% used [0x00000000ebd00000,0x00000000ebd00000,0x00000000f7900000)
 ParOldGen       total 716288K, used 476842K [0x0000000081e00000, 0x00000000ad980000, 0x00000000d5f80000)
  object space 716288K, 66% used [0x0000000081e00000,0x000000009efaa860,0x00000000ad980000)
 Metaspace       used 8894K, capacity 9242K, committed 9344K, reserved 1056768K
  class space    used 974K, capacity 1101K, committed 1152K, reserved 1048576K
}
Event: 12.560 GC heap before
{Heap before GC invocations=28 (full 4):
 PSYoungGen      total 357888K, used 317309K [0x00000000d5f80000, 0x00000000f7b00000, 0x0000000100000000)
  eden space 164352K, 100% used [0x00000000d5f80000,0x00000000e0000000,0x00000000e0000000)
  from space 193536K, 79% used [0x00000000e0000000,0x00000000e955f728,0x00000000ebd00000)
  to   space 192512K, 0% used [0x00000000ebd00000,0x00000000ebd00000,0x00000000f7900000)
 ParOldGen       total 716288K, used 476842K [0x0000000081e00000, 0x00000000ad980000, 0x00000000d5f80000)
  object space 716288K, 66% used [0x0000000081e00000,0x000000009efaa860,0x00000000ad980000)
 Metaspace       used 8906K, capacity 9242K, committed 9344K, reserved 1056768K
  class space    used 976K, capacity 1101K, committed 1152K, reserved 1048576K

